<?xml version="1.0" encoding="UTF-8"?>
<testsuite name="org.hyperskill.tests.stopwatch.Stage5UnitTest" tests="5" skipped="0" failures="0" errors="0" timestamp="2023-06-10T00:27:15" hostname="EAGLE" time="0.716">
  <properties/>
  <testcase name="test01_CheckNotificationIsNotSentBeforeTimeLimit" classname="org.hyperskill.tests.stopwatch.Stage5UnitTest" time="0.179"/>
  <testcase name="test02_CheckNotificationIsNotSentWithTimeLimitSetToZero" classname="org.hyperskill.tests.stopwatch.Stage5UnitTest" time="0.149"/>
  <testcase name="test03_CheckNotificationIsNotSentWithTimeLimitSetToNegative" classname="org.hyperskill.tests.stopwatch.Stage5UnitTest" time="0.129"/>
  <testcase name="test04_CheckNotificationIsNotSentClickingResetBeforeTimeExceeded" classname="org.hyperskill.tests.stopwatch.Stage5UnitTest" time="0.122"/>
  <testcase name="test05_CheckNotificationIsSentOnTimeLimitExceeded" classname="org.hyperskill.tests.stopwatch.Stage5UnitTest" time="0.135"/>
  <system-out><![CDATA[]]></system-out>
  <system-err><![CDATA[]]></system-err>
</testsuite>
